<?xml version="1.0" encoding="UTF-8"?>
<!-- Generated by org.testng.reporters.JUnitReportReporter -->
<testsuite hostname="raghu-PC" name="pageobjectmodelusingpagefactorydesignpattern.CreateProject" tests="1" failures="0" timestamp="11 Sep 2019 12:18:19 GMT" time="10.072" errors="0">
  <testcase name="testCreateProject" time="10.072" classname="pageobjectmodelusingpagefactorydesignpattern.CreateProject"/>
</testsuite> <!-- pageobjectmodelusingpagefactorydesignpattern.CreateProject -->
