<?xml version="1.0" encoding="UTF-8"?>
<!-- Generated by org.testng.reporters.JUnitReportReporter -->
<testsuite hostname="raghu-PC" name="testNgGroupExexution.B" tests="1" failures="0" timestamp="21 Aug 2019 13:50:53 GMT" time="0.002" errors="0">
  <testcase name="functionalTest" time="0.002" classname="testNgGroupExexution.B"/>
</testsuite> <!-- testNgGroupExexution.B -->
