<?xml version="1.0" encoding="UTF-8"?>
<!-- Generated by org.testng.reporters.JUnitReportReporter -->
<testsuite hostname="raghu-PC" name="testNgBatchExecution.LoginLogout" tests="1" failures="0" timestamp="20 Aug 2019 14:07:52 GMT" time="11.040" errors="0">
  <testcase name="testloginlogout" time="11.040" classname="testNgBatchExecution.LoginLogout"/>
</testsuite> <!-- testNgBatchExecution.LoginLogout -->
