<?xml version="1.0" encoding="UTF-8"?>
<!-- Generated by org.testng.reporters.JUnitReportReporter -->
<testsuite hostname="raghu-PC" name="supertestscriptprogram.CreateCustomer" tests="1" failures="0" timestamp="28 Aug 2019 14:17:11 GMT" time="10.878" errors="0">
  <testcase name="testCreateCustomer" time="10.878" classname="supertestscriptprogram.CreateCustomer"/>
</testsuite> <!-- supertestscriptprogram.CreateCustomer -->
