<?xml version="1.0" encoding="UTF-8"?>
<!-- Generated by org.testng.reporters.JUnitReportReporter -->
<testsuite hostname="raghu-PC" name="testNgBatchExecution.CreateCustomer" tests="1" failures="0" timestamp="20 Aug 2019 14:07:52 GMT" time="11.829" errors="0">
  <testcase name="testcreateCustomer" time="11.829" classname="testNgBatchExecution.CreateCustomer"/>
</testsuite> <!-- testNgBatchExecution.CreateCustomer -->
