<?xml version="1.0" encoding="UTF-8"?>
<!-- Generated by org.testng.reporters.JUnitReportReporter -->
<testsuite hostname="raghu-PC" name="datadrivenframework.CreateProject" tests="1" failures="0" timestamp="27 Aug 2019 15:11:19 GMT" time="15.631" errors="0">
  <testcase name="testCreateProject" time="15.631" classname="datadrivenframework.CreateProject"/>
</testsuite> <!-- datadrivenframework.CreateProject -->
