<?xml version="1.0" encoding="UTF-8"?>
<!-- Generated by org.testng.reporters.JUnitReportReporter -->
<testsuite hostname="raghu-PC" name="testngParallelExecution.CreateCustomer" tests="1" failures="0" timestamp="20 Aug 2019 15:55:33 GMT" time="16.738" errors="0">
  <testcase name="testcreateCustomer" time="16.738" classname="testngParallelExecution.CreateCustomer"/>
</testsuite> <!-- testngParallelExecution.CreateCustomer -->
