<?xml version="1.0" encoding="UTF-8"?>
<!-- Generated by org.testng.reporters.JUnitReportReporter -->
<testsuite hostname="raghu-PC" name="parameterisation.Sample" tests="1" failures="0" timestamp="21 Aug 2019 13:54:54 GMT" time="0.018" errors="0">
  <testcase name="testSample" time="0.018" classname="parameterisation.Sample"/>
</testsuite> <!-- parameterisation.Sample -->
