<?xml version="1.0" encoding="UTF-8"?>
<!-- Generated by org.testng.reporters.JUnitReportReporter -->
<testsuite hostname="raghu-PC" name="datadrivenframework.LoginLogoutTc_01" tests="1" failures="0" timestamp="26 Aug 2019 16:45:40 GMT" time="12.488" errors="0">
  <testcase name="testLoginLogoutTc_01" time="12.488" classname="datadrivenframework.LoginLogoutTc_01"/>
</testsuite> <!-- datadrivenframework.LoginLogoutTc_01 -->
