<?xml version="1.0" encoding="UTF-8"?>
<!-- Generated by org.testng.reporters.JUnitReportReporter -->
<testsuite hostname="raghu-PC" name="supertestscriptprogram.CreateProject" tests="1" failures="0" timestamp="28 Aug 2019 14:17:11 GMT" time="4.579" errors="0">
  <testcase name="testCreateProject" time="4.579" classname="supertestscriptprogram.CreateProject"/>
</testsuite> <!-- supertestscriptprogram.CreateProject -->
