<?xml version="1.0" encoding="UTF-8"?>
<!-- Generated by org.testng.reporters.JUnitReportReporter -->
<testsuite hostname="raghu-PC" name="parameterisation.DataProviderEx" tests="3" failures="0" timestamp="21 Aug 2019 14:42:11 GMT" time="33.258" errors="0">
  <testcase name="testLoginlogout" time="8.893" classname="parameterisation.DataProviderEx"/>
  <testcase name="testLoginlogout" time="8.554" classname="parameterisation.DataProviderEx"/>
  <testcase name="testLoginlogout" time="15.811" classname="parameterisation.DataProviderEx"/>
</testsuite> <!-- parameterisation.DataProviderEx -->
