<?xml version="1.0" encoding="UTF-8"?>
<!-- Generated by org.testng.reporters.JUnitReportReporter -->
<testsuite hostname="raghu-PC" name="testngParallelExecution.LoginLogout" tests="1" failures="0" timestamp="20 Aug 2019 15:55:33 GMT" time="14.722" errors="0">
  <testcase name="testloginLogout" time="14.722" classname="testngParallelExecution.LoginLogout"/>
</testsuite> <!-- testngParallelExecution.LoginLogout -->
