<?xml version="1.0" encoding="UTF-8"?>
<!-- Generated by org.testng.reporters.JUnitReportReporter -->
<testsuite hostname="raghu-PC" name="testNgGroupExexution.A" tests="1" failures="0" timestamp="21 Aug 2019 13:50:53 GMT" time="0.027" errors="0">
  <testcase name="functionalTest" time="0.027" classname="testNgGroupExexution.A"/>
</testsuite> <!-- testNgGroupExexution.A -->
