<?xml version="1.0" encoding="UTF-8"?>
<!-- Generated by org.testng.reporters.JUnitReportReporter -->
<testsuite hostname="raghu-PC" name="datadrivenframework.CreateTask" tests="1" failures="0" timestamp="27 Aug 2019 15:46:14 GMT" time="14.294" errors="0">
  <testcase name="testCreateTask" time="14.294" classname="datadrivenframework.CreateTask"/>
</testsuite> <!-- datadrivenframework.CreateTask -->
