<?xml version="1.0" encoding="UTF-8"?>
<!-- Generated by org.testng.reporters.JUnitReportReporter -->
<testsuite hostname="raghu-PC" name="datadrivenframework.CreateUser" tests="1" failures="0" timestamp="27 Aug 2019 13:55:35 GMT" time="16.713" errors="0">
  <testcase name="testCreateUser" time="16.713" classname="datadrivenframework.CreateUser"/>
</testsuite> <!-- datadrivenframework.CreateUser -->
