<?xml version="1.0" encoding="UTF-8"?>
<!-- Generated by org.testng.reporters.JUnitReportReporter -->
<testsuite hostname="raghu-PC" name="pageobjectmodelusingpagefactorydesignpattern.CreateCustomer" tests="1" failures="0" timestamp="11 Sep 2019 11:26:42 GMT" time="10.437" errors="0">
  <testcase name="testCreateCustomer" time="10.437" classname="pageobjectmodelusingpagefactorydesignpattern.CreateCustomer"/>
</testsuite> <!-- pageobjectmodelusingpagefactorydesignpattern.CreateCustomer -->
