<?xml version="1.0" encoding="UTF-8"?>
<!-- Generated by org.testng.reporters.JUnitReportReporter -->
<testsuite hostname="raghu-PC" name="testNgBatchExecution.CreateProject" tests="1" failures="0" timestamp="20 Aug 2019 14:07:53 GMT" time="12.138" errors="0">
  <testcase name="testcreateProject" time="12.138" classname="testNgBatchExecution.CreateProject"/>
</testsuite> <!-- testNgBatchExecution.CreateProject -->
